<?xml version="1.0" encoding="UTF-8"?>
<testng-results ignored="0" total="1" passed="1" failed="0" skipped="0">
  <reporter-output>
  </reporter-output>
  <suite started-at="2020-09-23T11:56:09 IST" name="DemoBlaze" finished-at="2020-09-23T11:56:59 IST" duration-ms="50801">
    <groups>
    </groups>
    <test started-at="2020-09-23T11:56:09 IST" name="BlazeDemoTest" finished-at="2020-09-23T11:56:59 IST" duration-ms="50801">
      <class name="com.PageObject.TC_HomePage">
        <test-method is-config="true" signature="setup(java.lang.String)[pri:0, instance:com.PageObject.TC_HomePage@158d2680]" started-at="2020-09-23T11:56:09 IST" name="setup" finished-at="2020-09-23T11:56:17 IST" duration-ms="8197" status="PASS">
          <params>
            <param index="0">
              <value>
                <![CDATA[Chrome]]>
              </value>
            </param>
          </params>
          <reporter-output>
          </reporter-output>
        </test-method> <!-- setup -->
        <test-method signature="loginTest()[pri:0, instance:com.PageObject.TC_HomePage@158d2680]" started-at="2020-09-23T11:56:17 IST" name="loginTest" finished-at="2020-09-23T11:56:59 IST" duration-ms="42463" status="PASS">
          <reporter-output>
          </reporter-output>
        </test-method> <!-- loginTest -->
        <test-method is-config="true" signature="tearDown()[pri:0, instance:com.PageObject.TC_HomePage@158d2680]" started-at="2020-09-23T11:56:59 IST" name="tearDown" finished-at="2020-09-23T11:56:59 IST" duration-ms="0" status="PASS">
          <reporter-output>
          </reporter-output>
        </test-method> <!-- tearDown -->
      </class> <!-- com.PageObject.TC_HomePage -->
    </test> <!-- BlazeDemoTest -->
  </suite> <!-- DemoBlaze -->
</testng-results>
